<?xml version="1.0" encoding="UTF-8"?>
<!-- Generated by org.testng.reporters.JUnitReportReporter -->
<testsuite hostname="Bhaweshmita" failures="0" tests="2" name="practise.tests.SubmitOrderTest" time="35.813" errors="0" timestamp="2024-08-17T11:34:44 IST" skipped="0">
  <testcase classname="practise.tests.SubmitOrderTest" name="submitOrder1" time="21.639"/>
  <testcase classname="practise.tests.SubmitOrderTest" name="submitOrder1" time="14.174"/>
</testsuite> <!-- practise.tests.SubmitOrderTest -->
